2024-01-24T14:48:20.404425+09:00 0 [System] [MY-015015] [Server] MySQL Server - start.
2024-01-24T14:48:20.693879+09:00 0 [System] [MY-010116] [Server] /usr/sbin/mysqld (mysqld 8.3.0) starting as process 1
2024-01-24T14:48:20.724705+09:00 1 [System] [MY-013576] [InnoDB] InnoDB initialization has started.
2024-01-24T14:48:21.087913+09:00 1 [System] [MY-013577] [InnoDB] InnoDB initialization has ended.
2024-01-24T14:48:21.635960+09:00 0 [Warning] [MY-010068] [Server] CA certificate ca.pem is self signed.
2024-01-24T14:48:21.636030+09:00 0 [System] [MY-013602] [Server] Channel mysql_main configured to support TLS. Encrypted connections are now supported for this channel.
2024-01-24T14:48:21.645183+09:00 0 [Warning] [MY-011810] [Server] Insecure configuration for --pid-file: Location '/var/run/mysqld' in the path is accessible to all OS users. Consider choosing a different directory.
2024-01-24T14:48:21.708802+09:00 0 [System] [MY-011323] [Server] X Plugin ready for connections. Bind-address: '::' port: 33060, socket: /var/run/mysqld/mysqlx.sock
2024-01-24T14:48:21.709144+09:00 0 [System] [MY-010931] [Server] /usr/sbin/mysqld: ready for connections. Version: '8.3.0'  socket: '/var/run/mysqld/mysqld.sock'  port: 3306  MySQL Community Server - GPL.
2024-01-24T15:06:57.587654+09:00 0 [System] [MY-013172] [Server] Received SHUTDOWN from user <via user signal>. Shutting down mysqld (Version: 8.3.0).
2024-01-24T15:06:59.444069+09:00 0 [System] [MY-010910] [Server] /usr/sbin/mysqld: Shutdown complete (mysqld 8.3.0)  MySQL Community Server - GPL.
2024-01-24T15:06:59.444132+09:00 0 [System] [MY-015016] [Server] MySQL Server - end.
2024-01-24T19:36:54.079882+09:00 0 [System] [MY-015015] [Server] MySQL Server - start.
2024-01-24T19:36:54.731198+09:00 0 [System] [MY-010116] [Server] /usr/sbin/mysqld (mysqld 8.3.0) starting as process 1
2024-01-24T19:36:55.067141+09:00 1 [System] [MY-013576] [InnoDB] InnoDB initialization has started.
2024-01-24T19:36:59.217267+09:00 1 [System] [MY-013577] [InnoDB] InnoDB initialization has ended.
2024-01-24T19:36:59.443803+09:00 0 [System] [MY-010229] [Server] Starting XA crash recovery...
2024-01-24T19:36:59.460848+09:00 0 [System] [MY-010232] [Server] XA crash recovery finished.
2024-01-24T19:36:59.624868+09:00 0 [Warning] [MY-010068] [Server] CA certificate ca.pem is self signed.
2024-01-24T19:36:59.624953+09:00 0 [System] [MY-013602] [Server] Channel mysql_main configured to support TLS. Encrypted connections are now supported for this channel.
2024-01-24T19:36:59.630505+09:00 0 [Warning] [MY-011810] [Server] Insecure configuration for --pid-file: Location '/var/run/mysqld' in the path is accessible to all OS users. Consider choosing a different directory.
2024-01-24T19:36:59.664939+09:00 0 [System] [MY-011323] [Server] X Plugin ready for connections. Bind-address: '::' port: 33060, socket: /var/run/mysqld/mysqlx.sock
2024-01-24T19:36:59.665207+09:00 0 [System] [MY-010931] [Server] /usr/sbin/mysqld: ready for connections. Version: '8.3.0'  socket: '/var/run/mysqld/mysqld.sock'  port: 3306  MySQL Community Server - GPL.
2024-01-24T19:39:00.670408+09:00 0 [System] [MY-013172] [Server] Received SHUTDOWN from user <via user signal>. Shutting down mysqld (Version: 8.3.0).
2024-01-24T19:39:02.179793+09:00 0 [System] [MY-010910] [Server] /usr/sbin/mysqld: Shutdown complete (mysqld 8.3.0)  MySQL Community Server - GPL.
2024-01-24T19:39:02.179859+09:00 0 [System] [MY-015016] [Server] MySQL Server - end.
