/usr/sbin/mysqld, Version: 8.3.0 (MySQL Community Server - GPL). started with:
Tcp port: 3306  Unix socket: /var/run/mysqld/mysqld.sock
Time                 Id Command    Argument
2024-01-24T14:48:21.565759+09:00	    0 Execute	CREATE TABLE performance_schema.innodb_redo_log_files(
`FILE_ID` BIGINT NOT NULL COMMENT 'Id of the file.',
`FILE_NAME` VARCHAR(2000) NOT NULL COMMENT 'Path to the file.',
`START_LSN` BIGINT NOT NULL COMMENT 'LSN of the first block in the file.',
`END_LSN` BIGINT NOT NULL COMMENT 'LSN after the last block in the file.',
`SIZE_IN_BYTES` BIGINT NOT NULL COMMENT 'Size of the file (in bytes).',
`IS_FULL` TINYINT NOT NULL COMMENT '1 iff file has no free space inside.',
`CONSUMER_LEVEL` INT NOT NULL COMMENT 'All redo log consumers registered on smaller levels than this value, have already consumed this file.'
)engine = 'performance_schema'
2024-01-24T14:49:08.401918+09:00	    8 Connect	rd_procurement@172.18.0.4 on rd_procurement using SSL/TLS
2024-01-24T14:49:08.428645+09:00	    8 Query	/* mysql-connector-j-8.3.0 (Revision: 805f872a57875f311cb82487efcfb070411a3fa0) */SELECT  @@session.auto_increment_increment AS auto_increment_increment, @@character_set_client AS character_set_client, @@character_set_connection AS character_set_connection, @@character_set_results AS character_set_results, @@character_set_server AS character_set_server, @@collation_server AS collation_server, @@collation_connection AS collation_connection, @@init_connect AS init_connect, @@interactive_timeout AS interactive_timeout, @@license AS license, @@lower_case_table_names AS lower_case_table_names, @@max_allowed_packet AS max_allowed_packet, @@net_write_timeout AS net_write_timeout, @@performance_schema AS performance_schema, @@sql_mode AS sql_mode, @@system_time_zone AS system_time_zone, @@time_zone AS time_zone, @@transaction_isolation AS transaction_isolation, @@wait_timeout AS wait_timeout
2024-01-24T14:49:08.449325+09:00	    8 Query	SET character_set_results = NULL
2024-01-24T14:49:08.450232+09:00	    8 Query	SET autocommit=1
2024-01-24T14:49:08.455098+09:00	    8 Query	SELECT @@session.transaction_read_only
2024-01-24T14:49:08.456259+09:00	    8 Query	SELECT @@session.transaction_isolation
2024-01-24T14:49:08.599307+09:00	    9 Connect	rd_procurement@172.18.0.4 on rd_procurement using SSL/TLS
2024-01-24T14:49:08.606547+09:00	    9 Query	/* mysql-connector-j-8.3.0 (Revision: 805f872a57875f311cb82487efcfb070411a3fa0) */SELECT  @@session.auto_increment_increment AS auto_increment_increment, @@character_set_client AS character_set_client, @@character_set_connection AS character_set_connection, @@character_set_results AS character_set_results, @@character_set_server AS character_set_server, @@collation_server AS collation_server, @@collation_connection AS collation_connection, @@init_connect AS init_connect, @@interactive_timeout AS interactive_timeout, @@license AS license, @@lower_case_table_names AS lower_case_table_names, @@max_allowed_packet AS max_allowed_packet, @@net_write_timeout AS net_write_timeout, @@performance_schema AS performance_schema, @@sql_mode AS sql_mode, @@system_time_zone AS system_time_zone, @@time_zone AS time_zone, @@transaction_isolation AS transaction_isolation, @@wait_timeout AS wait_timeout
2024-01-24T14:49:08.608341+09:00	    9 Query	SET character_set_results = NULL
2024-01-24T14:49:08.608882+09:00	    9 Query	SET autocommit=1
2024-01-24T14:49:08.609774+09:00	    9 Query	SELECT @@session.transaction_read_only
2024-01-24T14:49:08.642224+09:00	   10 Connect	rd_procurement@172.18.0.4 on rd_procurement using SSL/TLS
2024-01-24T14:49:08.645339+09:00	   10 Query	/* mysql-connector-j-8.3.0 (Revision: 805f872a57875f311cb82487efcfb070411a3fa0) */SELECT  @@session.auto_increment_increment AS auto_increment_increment, @@character_set_client AS character_set_client, @@character_set_connection AS character_set_connection, @@character_set_results AS character_set_results, @@character_set_server AS character_set_server, @@collation_server AS collation_server, @@collation_connection AS collation_connection, @@init_connect AS init_connect, @@interactive_timeout AS interactive_timeout, @@license AS license, @@lower_case_table_names AS lower_case_table_names, @@max_allowed_packet AS max_allowed_packet, @@net_write_timeout AS net_write_timeout, @@performance_schema AS performance_schema, @@sql_mode AS sql_mode, @@system_time_zone AS system_time_zone, @@time_zone AS time_zone, @@transaction_isolation AS transaction_isolation, @@wait_timeout AS wait_timeout
2024-01-24T14:49:08.647914+09:00	   10 Query	SET character_set_results = NULL
2024-01-24T14:49:08.648616+09:00	   10 Query	SET autocommit=1
2024-01-24T14:49:08.649875+09:00	   10 Query	SELECT @@session.transaction_read_only
2024-01-24T14:49:08.680546+09:00	   11 Connect	rd_procurement@172.18.0.4 on rd_procurement using SSL/TLS
2024-01-24T14:49:08.682835+09:00	   11 Query	/* mysql-connector-j-8.3.0 (Revision: 805f872a57875f311cb82487efcfb070411a3fa0) */SELECT  @@session.auto_increment_increment AS auto_increment_increment, @@character_set_client AS character_set_client, @@character_set_connection AS character_set_connection, @@character_set_results AS character_set_results, @@character_set_server AS character_set_server, @@collation_server AS collation_server, @@collation_connection AS collation_connection, @@init_connect AS init_connect, @@interactive_timeout AS interactive_timeout, @@license AS license, @@lower_case_table_names AS lower_case_table_names, @@max_allowed_packet AS max_allowed_packet, @@net_write_timeout AS net_write_timeout, @@performance_schema AS performance_schema, @@sql_mode AS sql_mode, @@system_time_zone AS system_time_zone, @@time_zone AS time_zone, @@transaction_isolation AS transaction_isolation, @@wait_timeout AS wait_timeout
2024-01-24T14:49:08.684384+09:00	   11 Query	SET character_set_results = NULL
2024-01-24T14:49:08.685047+09:00	   11 Query	SET autocommit=1
2024-01-24T14:49:08.686521+09:00	   11 Query	SELECT @@session.transaction_read_only
2024-01-24T14:49:08.717209+09:00	   12 Connect	rd_procurement@172.18.0.4 on rd_procurement using SSL/TLS
2024-01-24T14:49:08.718953+09:00	   12 Query	/* mysql-connector-j-8.3.0 (Revision: 805f872a57875f311cb82487efcfb070411a3fa0) */SELECT  @@session.auto_increment_increment AS auto_increment_increment, @@character_set_client AS character_set_client, @@character_set_connection AS character_set_connection, @@character_set_results AS character_set_results, @@character_set_server AS character_set_server, @@collation_server AS collation_server, @@collation_connection AS collation_connection, @@init_connect AS init_connect, @@interactive_timeout AS interactive_timeout, @@license AS license, @@lower_case_table_names AS lower_case_table_names, @@max_allowed_packet AS max_allowed_packet, @@net_write_timeout AS net_write_timeout, @@performance_schema AS performance_schema, @@sql_mode AS sql_mode, @@system_time_zone AS system_time_zone, @@time_zone AS time_zone, @@transaction_isolation AS transaction_isolation, @@wait_timeout AS wait_timeout
2024-01-24T14:49:08.720171+09:00	   12 Query	SET character_set_results = NULL
2024-01-24T14:49:08.721372+09:00	   12 Query	SET autocommit=1
2024-01-24T14:49:08.722315+09:00	   12 Query	SELECT @@session.transaction_read_only
2024-01-24T14:49:08.750812+09:00	   13 Connect	rd_procurement@172.18.0.4 on rd_procurement using SSL/TLS
2024-01-24T14:49:08.752620+09:00	   13 Query	/* mysql-connector-j-8.3.0 (Revision: 805f872a57875f311cb82487efcfb070411a3fa0) */SELECT  @@session.auto_increment_increment AS auto_increment_increment, @@character_set_client AS character_set_client, @@character_set_connection AS character_set_connection, @@character_set_results AS character_set_results, @@character_set_server AS character_set_server, @@collation_server AS collation_server, @@collation_connection AS collation_connection, @@init_connect AS init_connect, @@interactive_timeout AS interactive_timeout, @@license AS license, @@lower_case_table_names AS lower_case_table_names, @@max_allowed_packet AS max_allowed_packet, @@net_write_timeout AS net_write_timeout, @@performance_schema AS performance_schema, @@sql_mode AS sql_mode, @@system_time_zone AS system_time_zone, @@time_zone AS time_zone, @@transaction_isolation AS transaction_isolation, @@wait_timeout AS wait_timeout
2024-01-24T14:49:08.754019+09:00	   13 Query	SET character_set_results = NULL
2024-01-24T14:49:08.754691+09:00	   13 Query	SET autocommit=1
2024-01-24T14:49:08.755561+09:00	   13 Query	SELECT @@session.transaction_read_only
2024-01-24T14:49:08.785253+09:00	   14 Connect	rd_procurement@172.18.0.4 on rd_procurement using SSL/TLS
2024-01-24T14:49:08.787450+09:00	   14 Query	/* mysql-connector-j-8.3.0 (Revision: 805f872a57875f311cb82487efcfb070411a3fa0) */SELECT  @@session.auto_increment_increment AS auto_increment_increment, @@character_set_client AS character_set_client, @@character_set_connection AS character_set_connection, @@character_set_results AS character_set_results, @@character_set_server AS character_set_server, @@collation_server AS collation_server, @@collation_connection AS collation_connection, @@init_connect AS init_connect, @@interactive_timeout AS interactive_timeout, @@license AS license, @@lower_case_table_names AS lower_case_table_names, @@max_allowed_packet AS max_allowed_packet, @@net_write_timeout AS net_write_timeout, @@performance_schema AS performance_schema, @@sql_mode AS sql_mode, @@system_time_zone AS system_time_zone, @@time_zone AS time_zone, @@transaction_isolation AS transaction_isolation, @@wait_timeout AS wait_timeout
2024-01-24T14:49:08.788823+09:00	   14 Query	SET character_set_results = NULL
2024-01-24T14:49:08.789544+09:00	   14 Query	SET autocommit=1
2024-01-24T14:49:08.790196+09:00	   14 Query	SELECT @@session.transaction_read_only
2024-01-24T14:49:08.819536+09:00	   15 Connect	rd_procurement@172.18.0.4 on rd_procurement using SSL/TLS
2024-01-24T14:49:08.822026+09:00	   15 Query	/* mysql-connector-j-8.3.0 (Revision: 805f872a57875f311cb82487efcfb070411a3fa0) */SELECT  @@session.auto_increment_increment AS auto_increment_increment, @@character_set_client AS character_set_client, @@character_set_connection AS character_set_connection, @@character_set_results AS character_set_results, @@character_set_server AS character_set_server, @@collation_server AS collation_server, @@collation_connection AS collation_connection, @@init_connect AS init_connect, @@interactive_timeout AS interactive_timeout, @@license AS license, @@lower_case_table_names AS lower_case_table_names, @@max_allowed_packet AS max_allowed_packet, @@net_write_timeout AS net_write_timeout, @@performance_schema AS performance_schema, @@sql_mode AS sql_mode, @@system_time_zone AS system_time_zone, @@time_zone AS time_zone, @@transaction_isolation AS transaction_isolation, @@wait_timeout AS wait_timeout
2024-01-24T14:49:08.823142+09:00	   15 Query	SET character_set_results = NULL
2024-01-24T14:49:08.823644+09:00	   15 Query	SET autocommit=1
2024-01-24T14:49:08.824292+09:00	   15 Query	SELECT @@session.transaction_read_only
2024-01-24T14:49:08.854434+09:00	   16 Connect	rd_procurement@172.18.0.4 on rd_procurement using SSL/TLS
2024-01-24T14:49:08.856859+09:00	   16 Query	/* mysql-connector-j-8.3.0 (Revision: 805f872a57875f311cb82487efcfb070411a3fa0) */SELECT  @@session.auto_increment_increment AS auto_increment_increment, @@character_set_client AS character_set_client, @@character_set_connection AS character_set_connection, @@character_set_results AS character_set_results, @@character_set_server AS character_set_server, @@collation_server AS collation_server, @@collation_connection AS collation_connection, @@init_connect AS init_connect, @@interactive_timeout AS interactive_timeout, @@license AS license, @@lower_case_table_names AS lower_case_table_names, @@max_allowed_packet AS max_allowed_packet, @@net_write_timeout AS net_write_timeout, @@performance_schema AS performance_schema, @@sql_mode AS sql_mode, @@system_time_zone AS system_time_zone, @@time_zone AS time_zone, @@transaction_isolation AS transaction_isolation, @@wait_timeout AS wait_timeout
2024-01-24T14:49:08.858223+09:00	   16 Query	SET character_set_results = NULL
2024-01-24T14:49:08.858910+09:00	   16 Query	SET autocommit=1
2024-01-24T14:49:08.859774+09:00	   16 Query	SELECT @@session.transaction_read_only
2024-01-24T14:49:08.898229+09:00	   17 Connect	rd_procurement@172.18.0.4 on rd_procurement using SSL/TLS
2024-01-24T14:49:08.900950+09:00	   17 Query	/* mysql-connector-j-8.3.0 (Revision: 805f872a57875f311cb82487efcfb070411a3fa0) */SELECT  @@session.auto_increment_increment AS auto_increment_increment, @@character_set_client AS character_set_client, @@character_set_connection AS character_set_connection, @@character_set_results AS character_set_results, @@character_set_server AS character_set_server, @@collation_server AS collation_server, @@collation_connection AS collation_connection, @@init_connect AS init_connect, @@interactive_timeout AS interactive_timeout, @@license AS license, @@lower_case_table_names AS lower_case_table_names, @@max_allowed_packet AS max_allowed_packet, @@net_write_timeout AS net_write_timeout, @@performance_schema AS performance_schema, @@sql_mode AS sql_mode, @@system_time_zone AS system_time_zone, @@time_zone AS time_zone, @@transaction_isolation AS transaction_isolation, @@wait_timeout AS wait_timeout
2024-01-24T14:49:08.903023+09:00	   17 Query	SET character_set_results = NULL
2024-01-24T14:49:08.903629+09:00	   17 Query	SET autocommit=1
2024-01-24T14:49:08.904367+09:00	   17 Query	SELECT @@session.transaction_read_only
2024-01-24T14:49:09.210727+09:00	    8 Query	SELECT WORD FROM INFORMATION_SCHEMA.KEYWORDS WHERE RESERVED=1 ORDER BY WORD
2024-01-24T14:49:09.339586+09:00	    8 Query	SELECT @@character_set_database, @@sql_mode
2024-01-24T14:50:52.011071+09:00	    8 Query	set session transaction read only
2024-01-24T14:50:52.013168+09:00	    8 Query	SET autocommit=0
2024-01-24T14:50:52.160800+09:00	    8 Query	select s1_0.id,s1_0.column1 from sample s1_0
2024-01-24T14:50:52.207314+09:00	    8 Query	commit
2024-01-24T14:50:52.208446+09:00	    8 Query	SET autocommit=1
2024-01-24T14:50:52.209521+09:00	    8 Query	set session transaction read write
2024-01-24T14:59:29.378280+09:00	    8 Query	set session transaction read only
2024-01-24T14:59:29.395529+09:00	    8 Query	SET autocommit=0
2024-01-24T14:59:29.566405+09:00	    8 Query	select s1_0.id,s1_0.column1 from sample s1_0
2024-01-24T14:59:29.620443+09:00	    8 Query	commit
2024-01-24T14:59:29.622757+09:00	    8 Query	SET autocommit=1
2024-01-24T14:59:29.623539+09:00	    8 Query	set session transaction read write
2024-01-24T15:00:40.825896+09:00	   18 Connect	root@localhost on  using Socket
2024-01-24T15:00:40.830484+09:00	   18 Connect	Access denied for user 'root'@'localhost' (using password: NO)
2024-01-24T15:00:45.369151+09:00	   19 Connect	root@localhost on  using Socket
2024-01-24T15:00:45.383279+09:00	   19 Query	select @@version_comment limit 1
2024-01-24T15:00:59.335728+09:00	   19 Quit	
2024-01-24T15:01:44.954912+09:00	   20 Connect	root@localhost on  using Socket
2024-01-24T15:01:44.957459+09:00	   20 Query	select @@version_comment limit 1
2024-01-24T15:02:31.439009+09:00	   20 Query	show databases
2024-01-24T15:04:13.819817+09:00	   20 Query	SELECT DATABASE()
2024-01-24T15:04:25.729908+09:00	   20 Query	SELECT DATABASE()
2024-01-24T15:04:25.730769+09:00	   20 Init DB	rd_procurement
2024-01-24T15:04:25.732967+09:00	   20 Query	show databases
2024-01-24T15:04:25.737896+09:00	   20 Query	show tables
2024-01-24T15:04:25.773004+09:00	   20 Query	SELECT * FROM `sample` LIMIT 0
2024-01-24T15:04:38.616433+09:00	   20 Query	SELECT * FROM sample
2024-01-24T15:06:17.861564+09:00	    8 Query	set session transaction read only
2024-01-24T15:06:17.862316+09:00	    8 Query	SET autocommit=0
2024-01-24T15:06:17.864966+09:00	    8 Query	select s1_0.id,s1_0.column1 from sample s1_0
2024-01-24T15:06:17.869547+09:00	    8 Query	commit
2024-01-24T15:06:17.870772+09:00	    8 Query	SET autocommit=1
2024-01-24T15:06:17.871715+09:00	    8 Query	set session transaction read write
2024-01-24T15:06:45.895452+09:00	   20 Quit	
2024-01-24T15:06:55.914422+09:00	    8 Quit	
2024-01-24T15:06:55.965825+09:00	    9 Quit	
2024-01-24T15:06:55.971515+09:00	   10 Quit	
2024-01-24T15:06:55.977029+09:00	   11 Quit	
2024-01-24T15:06:55.982561+09:00	   12 Quit	
2024-01-24T15:06:55.988197+09:00	   13 Quit	
2024-01-24T15:06:55.994597+09:00	   14 Quit	
2024-01-24T15:06:56.003169+09:00	   15 Quit	
2024-01-24T15:06:56.011947+09:00	   16 Quit	
2024-01-24T15:06:56.017412+09:00	   17 Quit	
/usr/sbin/mysqld, Version: 8.3.0 (MySQL Community Server - GPL). started with:
Tcp port: 3306  Unix socket: /var/run/mysqld/mysqld.sock
Time                 Id Command    Argument
2024-01-24T19:36:59.537657+09:00	    0 Execute	CREATE TABLE performance_schema.innodb_redo_log_files(
`FILE_ID` BIGINT NOT NULL COMMENT 'Id of the file.',
`FILE_NAME` VARCHAR(2000) NOT NULL COMMENT 'Path to the file.',
`START_LSN` BIGINT NOT NULL COMMENT 'LSN of the first block in the file.',
`END_LSN` BIGINT NOT NULL COMMENT 'LSN after the last block in the file.',
`SIZE_IN_BYTES` BIGINT NOT NULL COMMENT 'Size of the file (in bytes).',
`IS_FULL` TINYINT NOT NULL COMMENT '1 iff file has no free space inside.',
`CONSUMER_LEVEL` INT NOT NULL COMMENT 'All redo log consumers registered on smaller levels than this value, have already consumed this file.'
)engine = 'performance_schema'
2024-01-24T19:38:15.800527+09:00	    8 Connect	rd_procurement@172.18.0.4 on rd_procurement using SSL/TLS
2024-01-24T19:38:16.012966+09:00	    8 Query	/* mysql-connector-j-8.3.0 (Revision: 805f872a57875f311cb82487efcfb070411a3fa0) */SELECT  @@session.auto_increment_increment AS auto_increment_increment, @@character_set_client AS character_set_client, @@character_set_connection AS character_set_connection, @@character_set_results AS character_set_results, @@character_set_server AS character_set_server, @@collation_server AS collation_server, @@collation_connection AS collation_connection, @@init_connect AS init_connect, @@interactive_timeout AS interactive_timeout, @@license AS license, @@lower_case_table_names AS lower_case_table_names, @@max_allowed_packet AS max_allowed_packet, @@net_write_timeout AS net_write_timeout, @@performance_schema AS performance_schema, @@sql_mode AS sql_mode, @@system_time_zone AS system_time_zone, @@time_zone AS time_zone, @@transaction_isolation AS transaction_isolation, @@wait_timeout AS wait_timeout
2024-01-24T19:38:16.115178+09:00	    8 Query	SET character_set_results = NULL
2024-01-24T19:38:16.125228+09:00	    8 Query	SET autocommit=1
2024-01-24T19:38:16.131852+09:00	    8 Query	SELECT @@session.transaction_read_only
2024-01-24T19:38:16.133952+09:00	    8 Query	SELECT @@session.transaction_isolation
2024-01-24T19:38:16.270064+09:00	    9 Connect	rd_procurement@172.18.0.4 on rd_procurement using SSL/TLS
2024-01-24T19:38:16.271893+09:00	    9 Query	/* mysql-connector-j-8.3.0 (Revision: 805f872a57875f311cb82487efcfb070411a3fa0) */SELECT  @@session.auto_increment_increment AS auto_increment_increment, @@character_set_client AS character_set_client, @@character_set_connection AS character_set_connection, @@character_set_results AS character_set_results, @@character_set_server AS character_set_server, @@collation_server AS collation_server, @@collation_connection AS collation_connection, @@init_connect AS init_connect, @@interactive_timeout AS interactive_timeout, @@license AS license, @@lower_case_table_names AS lower_case_table_names, @@max_allowed_packet AS max_allowed_packet, @@net_write_timeout AS net_write_timeout, @@performance_schema AS performance_schema, @@sql_mode AS sql_mode, @@system_time_zone AS system_time_zone, @@time_zone AS time_zone, @@transaction_isolation AS transaction_isolation, @@wait_timeout AS wait_timeout
2024-01-24T19:38:16.274397+09:00	    9 Query	SET character_set_results = NULL
2024-01-24T19:38:16.275180+09:00	    9 Query	SET autocommit=1
2024-01-24T19:38:16.276011+09:00	    9 Query	SELECT @@session.transaction_read_only
2024-01-24T19:38:16.316725+09:00	   10 Connect	rd_procurement@172.18.0.4 on rd_procurement using SSL/TLS
2024-01-24T19:38:16.318486+09:00	   10 Query	/* mysql-connector-j-8.3.0 (Revision: 805f872a57875f311cb82487efcfb070411a3fa0) */SELECT  @@session.auto_increment_increment AS auto_increment_increment, @@character_set_client AS character_set_client, @@character_set_connection AS character_set_connection, @@character_set_results AS character_set_results, @@character_set_server AS character_set_server, @@collation_server AS collation_server, @@collation_connection AS collation_connection, @@init_connect AS init_connect, @@interactive_timeout AS interactive_timeout, @@license AS license, @@lower_case_table_names AS lower_case_table_names, @@max_allowed_packet AS max_allowed_packet, @@net_write_timeout AS net_write_timeout, @@performance_schema AS performance_schema, @@sql_mode AS sql_mode, @@system_time_zone AS system_time_zone, @@time_zone AS time_zone, @@transaction_isolation AS transaction_isolation, @@wait_timeout AS wait_timeout
2024-01-24T19:38:16.320223+09:00	   10 Query	SET character_set_results = NULL
2024-01-24T19:38:16.321004+09:00	   10 Query	SET autocommit=1
2024-01-24T19:38:16.321811+09:00	   10 Query	SELECT @@session.transaction_read_only
2024-01-24T19:38:16.356262+09:00	   11 Connect	rd_procurement@172.18.0.4 on rd_procurement using SSL/TLS
2024-01-24T19:38:16.357910+09:00	   11 Query	/* mysql-connector-j-8.3.0 (Revision: 805f872a57875f311cb82487efcfb070411a3fa0) */SELECT  @@session.auto_increment_increment AS auto_increment_increment, @@character_set_client AS character_set_client, @@character_set_connection AS character_set_connection, @@character_set_results AS character_set_results, @@character_set_server AS character_set_server, @@collation_server AS collation_server, @@collation_connection AS collation_connection, @@init_connect AS init_connect, @@interactive_timeout AS interactive_timeout, @@license AS license, @@lower_case_table_names AS lower_case_table_names, @@max_allowed_packet AS max_allowed_packet, @@net_write_timeout AS net_write_timeout, @@performance_schema AS performance_schema, @@sql_mode AS sql_mode, @@system_time_zone AS system_time_zone, @@time_zone AS time_zone, @@transaction_isolation AS transaction_isolation, @@wait_timeout AS wait_timeout
2024-01-24T19:38:16.359722+09:00	   11 Query	SET character_set_results = NULL
2024-01-24T19:38:16.360615+09:00	   11 Query	SET autocommit=1
2024-01-24T19:38:16.361783+09:00	   11 Query	SELECT @@session.transaction_read_only
2024-01-24T19:38:16.400474+09:00	   12 Connect	rd_procurement@172.18.0.4 on rd_procurement using SSL/TLS
2024-01-24T19:38:16.401986+09:00	   12 Query	/* mysql-connector-j-8.3.0 (Revision: 805f872a57875f311cb82487efcfb070411a3fa0) */SELECT  @@session.auto_increment_increment AS auto_increment_increment, @@character_set_client AS character_set_client, @@character_set_connection AS character_set_connection, @@character_set_results AS character_set_results, @@character_set_server AS character_set_server, @@collation_server AS collation_server, @@collation_connection AS collation_connection, @@init_connect AS init_connect, @@interactive_timeout AS interactive_timeout, @@license AS license, @@lower_case_table_names AS lower_case_table_names, @@max_allowed_packet AS max_allowed_packet, @@net_write_timeout AS net_write_timeout, @@performance_schema AS performance_schema, @@sql_mode AS sql_mode, @@system_time_zone AS system_time_zone, @@time_zone AS time_zone, @@transaction_isolation AS transaction_isolation, @@wait_timeout AS wait_timeout
2024-01-24T19:38:16.403463+09:00	   12 Query	SET character_set_results = NULL
2024-01-24T19:38:16.404234+09:00	   12 Query	SET autocommit=1
2024-01-24T19:38:16.405078+09:00	   12 Query	SELECT @@session.transaction_read_only
2024-01-24T19:38:16.445951+09:00	   13 Connect	rd_procurement@172.18.0.4 on rd_procurement using SSL/TLS
2024-01-24T19:38:16.450279+09:00	   13 Query	/* mysql-connector-j-8.3.0 (Revision: 805f872a57875f311cb82487efcfb070411a3fa0) */SELECT  @@session.auto_increment_increment AS auto_increment_increment, @@character_set_client AS character_set_client, @@character_set_connection AS character_set_connection, @@character_set_results AS character_set_results, @@character_set_server AS character_set_server, @@collation_server AS collation_server, @@collation_connection AS collation_connection, @@init_connect AS init_connect, @@interactive_timeout AS interactive_timeout, @@license AS license, @@lower_case_table_names AS lower_case_table_names, @@max_allowed_packet AS max_allowed_packet, @@net_write_timeout AS net_write_timeout, @@performance_schema AS performance_schema, @@sql_mode AS sql_mode, @@system_time_zone AS system_time_zone, @@time_zone AS time_zone, @@transaction_isolation AS transaction_isolation, @@wait_timeout AS wait_timeout
2024-01-24T19:38:16.455846+09:00	   13 Query	SET character_set_results = NULL
2024-01-24T19:38:16.457347+09:00	   13 Query	SET autocommit=1
2024-01-24T19:38:16.459277+09:00	   13 Query	SELECT @@session.transaction_read_only
2024-01-24T19:38:16.502108+09:00	   14 Connect	rd_procurement@172.18.0.4 on rd_procurement using SSL/TLS
2024-01-24T19:38:16.503707+09:00	   14 Query	/* mysql-connector-j-8.3.0 (Revision: 805f872a57875f311cb82487efcfb070411a3fa0) */SELECT  @@session.auto_increment_increment AS auto_increment_increment, @@character_set_client AS character_set_client, @@character_set_connection AS character_set_connection, @@character_set_results AS character_set_results, @@character_set_server AS character_set_server, @@collation_server AS collation_server, @@collation_connection AS collation_connection, @@init_connect AS init_connect, @@interactive_timeout AS interactive_timeout, @@license AS license, @@lower_case_table_names AS lower_case_table_names, @@max_allowed_packet AS max_allowed_packet, @@net_write_timeout AS net_write_timeout, @@performance_schema AS performance_schema, @@sql_mode AS sql_mode, @@system_time_zone AS system_time_zone, @@time_zone AS time_zone, @@transaction_isolation AS transaction_isolation, @@wait_timeout AS wait_timeout
2024-01-24T19:38:16.505062+09:00	   14 Query	SET character_set_results = NULL
2024-01-24T19:38:16.506056+09:00	   14 Query	SET autocommit=1
2024-01-24T19:38:16.508700+09:00	   14 Query	SELECT @@session.transaction_read_only
2024-01-24T19:38:16.551719+09:00	   15 Connect	rd_procurement@172.18.0.4 on rd_procurement using SSL/TLS
2024-01-24T19:38:16.554177+09:00	   15 Query	/* mysql-connector-j-8.3.0 (Revision: 805f872a57875f311cb82487efcfb070411a3fa0) */SELECT  @@session.auto_increment_increment AS auto_increment_increment, @@character_set_client AS character_set_client, @@character_set_connection AS character_set_connection, @@character_set_results AS character_set_results, @@character_set_server AS character_set_server, @@collation_server AS collation_server, @@collation_connection AS collation_connection, @@init_connect AS init_connect, @@interactive_timeout AS interactive_timeout, @@license AS license, @@lower_case_table_names AS lower_case_table_names, @@max_allowed_packet AS max_allowed_packet, @@net_write_timeout AS net_write_timeout, @@performance_schema AS performance_schema, @@sql_mode AS sql_mode, @@system_time_zone AS system_time_zone, @@time_zone AS time_zone, @@transaction_isolation AS transaction_isolation, @@wait_timeout AS wait_timeout
2024-01-24T19:38:16.555659+09:00	   15 Query	SET character_set_results = NULL
2024-01-24T19:38:16.556909+09:00	   15 Query	SET autocommit=1
2024-01-24T19:38:16.557828+09:00	   15 Query	SELECT @@session.transaction_read_only
2024-01-24T19:38:16.588334+09:00	   16 Connect	rd_procurement@172.18.0.4 on rd_procurement using SSL/TLS
2024-01-24T19:38:16.589659+09:00	   16 Query	/* mysql-connector-j-8.3.0 (Revision: 805f872a57875f311cb82487efcfb070411a3fa0) */SELECT  @@session.auto_increment_increment AS auto_increment_increment, @@character_set_client AS character_set_client, @@character_set_connection AS character_set_connection, @@character_set_results AS character_set_results, @@character_set_server AS character_set_server, @@collation_server AS collation_server, @@collation_connection AS collation_connection, @@init_connect AS init_connect, @@interactive_timeout AS interactive_timeout, @@license AS license, @@lower_case_table_names AS lower_case_table_names, @@max_allowed_packet AS max_allowed_packet, @@net_write_timeout AS net_write_timeout, @@performance_schema AS performance_schema, @@sql_mode AS sql_mode, @@system_time_zone AS system_time_zone, @@time_zone AS time_zone, @@transaction_isolation AS transaction_isolation, @@wait_timeout AS wait_timeout
2024-01-24T19:38:16.590953+09:00	   16 Query	SET character_set_results = NULL
2024-01-24T19:38:16.591686+09:00	   16 Query	SET autocommit=1
2024-01-24T19:38:16.592481+09:00	   16 Query	SELECT @@session.transaction_read_only
2024-01-24T19:38:16.620217+09:00	   17 Connect	rd_procurement@172.18.0.4 on rd_procurement using SSL/TLS
2024-01-24T19:38:16.621530+09:00	   17 Query	/* mysql-connector-j-8.3.0 (Revision: 805f872a57875f311cb82487efcfb070411a3fa0) */SELECT  @@session.auto_increment_increment AS auto_increment_increment, @@character_set_client AS character_set_client, @@character_set_connection AS character_set_connection, @@character_set_results AS character_set_results, @@character_set_server AS character_set_server, @@collation_server AS collation_server, @@collation_connection AS collation_connection, @@init_connect AS init_connect, @@interactive_timeout AS interactive_timeout, @@license AS license, @@lower_case_table_names AS lower_case_table_names, @@max_allowed_packet AS max_allowed_packet, @@net_write_timeout AS net_write_timeout, @@performance_schema AS performance_schema, @@sql_mode AS sql_mode, @@system_time_zone AS system_time_zone, @@time_zone AS time_zone, @@transaction_isolation AS transaction_isolation, @@wait_timeout AS wait_timeout
2024-01-24T19:38:16.622740+09:00	   17 Query	SET character_set_results = NULL
2024-01-24T19:38:16.623429+09:00	   17 Query	SET autocommit=1
2024-01-24T19:38:16.624090+09:00	   17 Query	SELECT @@session.transaction_read_only
2024-01-24T19:38:17.632111+09:00	    8 Query	SELECT WORD FROM INFORMATION_SCHEMA.KEYWORDS WHERE RESERVED=1 ORDER BY WORD
2024-01-24T19:38:17.759360+09:00	    8 Query	SELECT @@character_set_database, @@sql_mode
2024-01-24T19:38:48.815468+09:00	    8 Query	set session transaction read only
2024-01-24T19:38:48.818078+09:00	    8 Query	SET autocommit=0
2024-01-24T19:38:48.947264+09:00	    8 Query	select s1_0.id,s1_0.column1 from sample s1_0
2024-01-24T19:38:48.968670+09:00	    8 Query	commit
2024-01-24T19:38:48.969663+09:00	    8 Query	SET autocommit=1
2024-01-24T19:38:48.970761+09:00	    8 Query	set session transaction read write
2024-01-24T19:38:59.606192+09:00	    8 Quit	
2024-01-24T19:38:59.609394+09:00	    9 Quit	
2024-01-24T19:38:59.610214+09:00	   10 Quit	
2024-01-24T19:38:59.611023+09:00	   11 Quit	
2024-01-24T19:38:59.612027+09:00	   12 Quit	
2024-01-24T19:38:59.613242+09:00	   13 Quit	
2024-01-24T19:38:59.614128+09:00	   14 Quit	
2024-01-24T19:38:59.614980+09:00	   15 Quit	
2024-01-24T19:38:59.615915+09:00	   16 Quit	
2024-01-24T19:38:59.616809+09:00	   17 Quit	
